<?xml version="1.0" encoding="UTF-8"?>
<testsuite xmlns:xsi="http://www.w3.org/2001/XMLSchema-instance" xsi:noNamespaceSchemaLocation="https://maven.apache.org/surefire/maven-surefire-plugin/xsd/surefire-test-report-3.0.xsd" version="3.0" name="com.food.FoodApiApplicationTests" time="2.408" tests="1" errors="0" skipped="0" failures="0">
  <properties>
[...]
</properties>
  <testcase name="contextLoads" classname="com.food.FoodApiApplicationTests" time="0.826">
    <system-out><![CDATA[17:25:06.084 [main] INFO org.springframework.test.context.support.AnnotationConfigContextLoaderUtils -- Could not detect default configuration classes for test class [com.food.FoodApiApplicationTests]: FoodApiApplicationTests does not declare any static, non-private, non-final, nested classes annotated with @Configuration.
17:25:06.170 [main] INFO org.springframework.boot.test.context.SpringBootTestContextBootstrapper -- Found @SpringBootConfiguration com.food.FoodApiApplication for test class com.food.FoodApiApplicationTests

  .   ____          _            __ _ _
 /\\ / ___'_ __ _ _(_)_ __  __ _ \ \ \ \
( ( )\___ | '_ | '_| | '_ \/ _` | \ \ \ \
 \\/  ___)| |_)| | | | | || (_| |  ) ) ) )
  '  |____| .__|_| |_|_| |_\__, | / / / /
 =========|_|==============|___/=/_/_/_/
 :: Spring Boot ::                (v3.2.5)

2024-05-01T17:25:06.514-03:00  INFO 13344 --- [food-api] [           main] com.food.FoodApiApplicationTests         : Starting FoodApiApplicationTests using Java 17.0.10 with PID 13344 (started by marcu in C:\Users\marcu\Documents\workspace-spring-tool-suite-4-4.22.0.RELEASE\food-api)
2024-05-01T17:25:06.515-03:00  INFO 13344 --- [food-api] [           main] com.food.FoodApiApplicationTests         : No active profile set, falling back to 1 default profile: "default"
2024-05-01T17:25:07.505-03:00  INFO 13344 --- [food-api] [           main] com.food.FoodApiApplicationTests         : Started FoodApiApplicationTests in 1.206 seconds (process running for 2.077)
]]></system-out>
  </testcase>
</testsuite>